<?xml version="1.0" encoding="UTF-8"?>
<testng-results ignored="0" total="1" passed="1" failed="0" skipped="0">
  <reporter-output>
  </reporter-output>
  <suite started-at="2023-07-25T20:01:45 IST" name="Default suite" finished-at="2023-07-25T20:02:11 IST" duration-ms="26465">
    <groups>
    </groups>
    <test started-at="2023-07-25T20:01:45 IST" name="Default test" finished-at="2023-07-25T20:02:11 IST" duration-ms="26465">
      <class name="gallaautomation.Gallmainlogin">
        <test-method signature="newtab()[pri:0, instance:gallaautomation.Gallmainlogin@6d4d66d2]" started-at="2023-07-25T20:01:45 IST" name="newtab" finished-at="2023-07-25T20:02:11 IST" duration-ms="26412" status="PASS">
          <reporter-output>
          </reporter-output>
        </test-method> <!-- newtab -->
      </class> <!-- gallaautomation.Gallmainlogin -->
    </test> <!-- Default test -->
  </suite> <!-- Default suite -->
</testng-results>
